<?xml version="1.0" encoding="UTF-8" ?>
<testsuite failures="0" time="0.029" errors="0" skipped="0" tests="3" name="brianmarco.scratchProject.AppTest">
  <properties>
[...]
</properties>
  <testcase time="0.005" classname="brianmarco.scratchProject.AppTest" name="testDoReverseWords"/>
  <testcase time="0" classname="brianmarco.scratchProject.AppTest" name="testDoReverseWordsEmptyInput"/>
  <testcase time="0" classname="brianmarco.scratchProject.AppTest" name="testDoReverseWordsNullInput"/>
</testsuite>